<?xml version="1.0" encoding="UTF-8"?>
<!-- Generated by org.testng.reporters.JUnitXMLReporter -->
<testsuite ignored="1" hostname="Ravi-PC" failures="0" tests="1" name="Default test(failed)" time="22.191" errors="0" timestamp="2022-05-23T20:17:03 IST">
  <testcase classname="testcase.FramesPageTest" name="verifyclick_nestedFrames" time="3.815"/>
  <testcase classname="testcase.FramesPageTest" name="verifyclick_iFrame" time="0.0">
    <ignored/>
  </testcase> <!-- verifyclick_iFrame -->
</testsuite> <!-- Default test(failed) -->
