<?xml version="1.0" encoding="UTF-8"?>
<!-- Generated by org.testng.reporters.JUnitXMLReporter -->
<testsuite ignored="0" hostname="Ravi-PC" failures="1" tests="2" name="AddRemoveElmTest" time="9.912" errors="0" timestamp="2022-05-25T18:31:24 IST">
  <testcase classname="testcase.AddRemoveElmTest" name="verifyAddElmClick" time="0.292"/>
  <testcase classname="testcase.AddRemoveElmTest" name="verifydeleteElmClick" time="0.484">
    <failure type="java.lang.AssertionError" message="expected [false] but found [true]">
      <![CDATA[java.lang.AssertionError: expected [false] but found [true]
at testcase.AddRemoveElmTest.verifydeleteElmClick(AddRemoveElmTest.java:43)
at java.base/java.util.ArrayList.forEach(ArrayList.java:1511)
at java.base/java.util.concurrent.FutureTask.run(FutureTask.java:264)
at java.base/java.util.concurrent.ThreadPoolExecutor.runWorker(ThreadPoolExecutor.java:1130)
at java.base/java.util.concurrent.ThreadPoolExecutor$Worker.run(ThreadPoolExecutor.java:630)
at java.base/java.lang.Thread.run(Thread.java:832)
... Removed 24 stack frames]]>
    </failure>
  </testcase> <!-- verifydeleteElmClick -->
</testsuite> <!-- AddRemoveElmTest -->
