<?xml version="1.0" encoding="UTF-8"?>
<testng-results total="1" passed="1" failed="0" skipped="0">
  <reporter-output>
  </reporter-output>
  <suite started-at="2022-05-23T15:30:55Z" name="Failed suite [Default suite]" finished-at="2022-05-23T15:31:06Z" duration-ms="10945">
    <groups>
    </groups>
    <test started-at="2022-05-23T15:30:55Z" name="Default test(failed)" finished-at="2022-05-23T15:31:06Z" duration-ms="10945">
      <class name="testcase.FramesPageTest">
        <test-method is-config="true" signature="driverSetup()[pri:0, instance:testcase.FramesPageTest@2d6764b2]" started-at="2022-05-23T21:00:55Z" name="driverSetup" finished-at="2022-05-23T21:01:03Z" duration-ms="7268" status="PASS">
          <reporter-output>
          </reporter-output>
        </test-method> <!-- driverSetup -->
        <test-method signature="verifyclick_nestedFrames()[pri:0, instance:testcase.FramesPageTest@2d6764b2]" started-at="2022-05-23T21:01:03Z" name="verifyclick_nestedFrames" finished-at="2022-05-23T21:01:06Z" duration-ms="3509" status="PASS">
          <reporter-output>
          </reporter-output>
        </test-method> <!-- verifyclick_nestedFrames -->
        <test-method is-config="true" signature="closeDriver()[pri:0, instance:testcase.FramesPageTest@2d6764b2]" started-at="2022-05-23T21:01:06Z" name="closeDriver" finished-at="2022-05-23T21:01:06Z" duration-ms="142" status="PASS">
          <reporter-output>
          </reporter-output>
        </test-method> <!-- closeDriver -->
      </class> <!-- testcase.FramesPageTest -->
    </test> <!-- Default test(failed) -->
  </suite> <!-- Failed suite [Default suite] -->
</testng-results>
